<?xml version="1.0" encoding="UTF-8"?>
<!-- Generated by org.testng.reporters.JUnitXMLReporter -->
<testsuite ignored="1" hostname="Shelly-ka-Laptop" failures="0" tests="1" name="Test" time="83.919" errors="0" timestamp="2020-06-25T13:45:40 IST">
  <testcase classname="com.learnauto.testcases.LogInTestCRM" name="logInApp" time="8.093"/>
  <testcase classname="com.automation.pages.BaseClass" name="@BeforeSuite setUp" time="0.0">
    <ignored/>
  </testcase> <!-- @BeforeSuite setUp -->
</testsuite> <!-- Test -->
